{"/home/ozpin/url_shortener/server/src/db.ts": {"path":"/home/ozpin/url_shortener/server/src/db.ts","statementMap":{"0":{"start":{"line":1,"column":0},"end":{"line":1,"column":26}},"1":{"start":{"line":2,"column":0},"end":{"line":2,"column":28}},"2":{"start":{"line":4,"column":0},"end":{"line":4,"column":16}},"3":{"start":{"line":6,"column":13},"end":{"line":8,"column":2}},"4":{"start":{"line":10,"column":21},"end":{"line":10,"column":79}},"5":{"start":{"line":10,"column":55},"end":{"line":10,"column":79}},"6":{"start":{"line":10,"column":13},"end":{"line":10,"column":21}},"7":{"start":{"line":12,"column":22},"end":{"line":53,"column":1}},"8":{"start":{"line":13,"column":17},"end":{"line":13,"column":37}},"9":{"start":{"line":14,"column":2},"end":{"line":52,"column":3}},"10":{"start":{"line":15,"column":4},"end":{"line":15,"column":44}},"11":{"start":{"line":17,"column":4},"end":{"line":24,"column":7}},"12":{"start":{"line":26,"column":4},"end":{"line":34,"column":7}},"13":{"start":{"line":36,"column":4},"end":{"line":45,"column":7}},"14":{"start":{"line":47,"column":4},"end":{"line":47,"column":45}},"15":{"start":{"line":49,"column":4},"end":{"line":49,"column":49}},"16":{"start":{"line":51,"column":4},"end":{"line":51,"column":21}},"17":{"start":{"line":12,"column":13},"end":{"line":12,"column":22}}},"fnMap":{"0":{"name":"(anonymous_1)","decl":{"start":{"line":10,"column":21},"end":{"line":10,"column":22}},"loc":{"start":{"line":10,"column":55},"end":{"line":10,"column":79}}},"1":{"name":"(anonymous_2)","decl":{"start":{"line":12,"column":22},"end":{"line":12,"column":27}},"loc":{"start":{"line":12,"column":33},"end":{"line":53,"column":1}}}},"branchMap":{},"s":{"0":0,"1":0,"2":0,"3":0,"4":0,"5":0,"6":0,"7":0,"8":0,"9":0,"10":0,"11":0,"12":0,"13":0,"14":0,"15":0,"16":0,"17":0},"f":{"0":0,"1":0},"b":{}}
,"/home/ozpin/url_shortener/server/src/index.ts": {"path":"/home/ozpin/url_shortener/server/src/index.ts","statementMap":{"0":{"start":{"line":1,"column":0},"end":{"line":1,"column":67}},"1":{"start":{"line":2,"column":0},"end":{"line":2,"column":24}},"2":{"start":{"line":3,"column":0},"end":{"line":3,"column":28}},"3":{"start":{"line":4,"column":0},"end":{"line":4,"column":30}},"4":{"start":{"line":5,"column":0},"end":{"line":5,"column":31}},"5":{"start":{"line":6,"column":0},"end":{"line":6,"column":28}},"6":{"start":{"line":7,"column":0},"end":{"line":7,"column":26}},"7":{"start":{"line":8,"column":0},"end":{"line":8,"column":43}},"8":{"start":{"line":9,"column":0},"end":{"line":9,"column":37}},"9":{"start":{"line":11,"column":12},"end":{"line":11,"column":21}},"10":{"start":{"line":12,"column":13},"end":{"line":12,"column":37}},"11":{"start":{"line":13,"column":19},"end":{"line":13,"column":41}},"12":{"start":{"line":14,"column":0},"end":{"line":16,"column":1}},"13":{"start":{"line":15,"column":2},"end":{"line":15,"column":76}},"14":{"start":{"line":17,"column":23},"end":{"line":17,"column":76}},"15":{"start":{"line":20,"column":0},"end":{"line":25,"column":4}},"16":{"start":{"line":26,"column":0},"end":{"line":35,"column":4}},"17":{"start":{"line":36,"column":0},"end":{"line":36,"column":24}},"18":{"start":{"line":44,"column":26},"end":{"line":55,"column":1}},"19":{"start":{"line":45,"column":21},"end":{"line":45,"column":49}},"20":{"start":{"line":46,"column":16},"end":{"line":46,"column":54}},"21":{"start":{"line":48,"column":2},"end":{"line":48,"column":41}},"22":{"start":{"line":48,"column":14},"end":{"line":48,"column":41}},"23":{"start":{"line":50,"column":2},"end":{"line":54,"column":5}},"24":{"start":{"line":51,"column":4},"end":{"line":51,"column":40}},"25":{"start":{"line":51,"column":13},"end":{"line":51,"column":40}},"26":{"start":{"line":52,"column":4},"end":{"line":52,"column":20}},"27":{"start":{"line":53,"column":4},"end":{"line":53,"column":11}},"28":{"start":{"line":59,"column":0},"end":{"line":73,"column":3}},"29":{"start":{"line":60,"column":30},"end":{"line":60,"column":38}},"30":{"start":{"line":61,"column":2},"end":{"line":61,"column":84}},"31":{"start":{"line":61,"column":27},"end":{"line":61,"column":84}},"32":{"start":{"line":63,"column":2},"end":{"line":72,"column":3}},"33":{"start":{"line":64,"column":27},"end":{"line":64,"column":58}},"34":{"start":{"line":65,"column":19},"end":{"line":67,"column":null}},"35":{"start":{"line":69,"column":4},"end":{"line":69,"column":41}},"36":{"start":{"line":71,"column":4},"end":{"line":71,"column":58}},"37":{"start":{"line":76,"column":20},"end":{"line":80,"column":2}},"38":{"start":{"line":83,"column":0},"end":{"line":105,"column":3}},"39":{"start":{"line":84,"column":30},"end":{"line":84,"column":38}},"40":{"start":{"line":85,"column":2},"end":{"line":104,"column":3}},"41":{"start":{"line":86,"column":19},"end":{"line":86,"column":79}},"42":{"start":{"line":87,"column":4},"end":{"line":89,"column":5}},"43":{"start":{"line":88,"column":6},"end":{"line":88,"column":74}},"44":{"start":{"line":91,"column":17},"end":{"line":91,"column":31}},"45":{"start":{"line":92,"column":4},"end":{"line":101,"column":5}},"46":{"start":{"line":93,"column":20},"end":{"line":96,"column":null}},"47":{"start":{"line":98,"column":6},"end":{"line":98,"column":26}},"48":{"start":{"line":100,"column":6},"end":{"line":100,"column":61}},"49":{"start":{"line":103,"column":4},"end":{"line":103,"column":52}},"50":{"start":{"line":107,"column":0},"end":{"line":133,"column":3}},"51":{"start":{"line":108,"column":16},"end":{"line":108,"column":24}},"52":{"start":{"line":109,"column":17},"end":{"line":109,"column":29}},"53":{"start":{"line":112,"column":2},"end":{"line":114,"column":3}},"54":{"start":{"line":113,"column":4},"end":{"line":113,"column":27}},"55":{"start":{"line":117,"column":2},"end":{"line":119,"column":3}},"56":{"start":{"line":118,"column":4},"end":{"line":118,"column":65}},"57":{"start":{"line":122,"column":20},"end":{"line":122,"column":69}},"58":{"start":{"line":124,"column":2},"end":{"line":132,"column":3}},"59":{"start":{"line":125,"column":19},"end":{"line":127,"column":null}},"60":{"start":{"line":129,"column":4},"end":{"line":129,"column":29}},"61":{"start":{"line":131,"column":4},"end":{"line":131,"column":54}},"62":{"start":{"line":135,"column":0},"end":{"line":146,"column":3}},"63":{"start":{"line":136,"column":19},"end":{"line":136,"column":31}},"64":{"start":{"line":137,"column":4},"end":{"line":145,"column":5}},"65":{"start":{"line":138,"column":23},"end":{"line":140,"column":null}},"66":{"start":{"line":142,"column":8},"end":{"line":142,"column":30}},"67":{"start":{"line":144,"column":8},"end":{"line":144,"column":55}},"68":{"start":{"line":149,"column":0},"end":{"line":171,"column":3}},"69":{"start":{"line":150,"column":21},"end":{"line":150,"column":31}},"70":{"start":{"line":151,"column":17},"end":{"line":151,"column":29}},"71":{"start":{"line":153,"column":2},"end":{"line":170,"column":3}},"72":{"start":{"line":155,"column":19},"end":{"line":155,"column":102}},"73":{"start":{"line":156,"column":4},"end":{"line":158,"column":5}},"74":{"start":{"line":157,"column":6},"end":{"line":157,"column":61}},"75":{"start":{"line":161,"column":21},"end":{"line":163,"column":null}},"76":{"start":{"line":166,"column":4},"end":{"line":166,"column":28}},"77":{"start":{"line":168,"column":4},"end":{"line":168,"column":52}},"78":{"start":{"line":169,"column":4},"end":{"line":169,"column":70}},"79":{"start":{"line":174,"column":0},"end":{"line":199,"column":3}},"80":{"start":{"line":175,"column":33},"end":{"line":175,"column":41}},"81":{"start":{"line":176,"column":17},"end":{"line":176,"column":29}},"82":{"start":{"line":178,"column":2},"end":{"line":180,"column":3}},"83":{"start":{"line":179,"column":4},"end":{"line":179,"column":75}},"84":{"start":{"line":182,"column":2},"end":{"line":198,"column":3}},"85":{"start":{"line":183,"column":19},"end":{"line":183,"column":102}},"86":{"start":{"line":184,"column":4},"end":{"line":186,"column":5}},"87":{"start":{"line":185,"column":6},"end":{"line":185,"column":61}},"88":{"start":{"line":188,"column":21},"end":{"line":191,"column":null}},"89":{"start":{"line":194,"column":4},"end":{"line":194,"column":28}},"90":{"start":{"line":196,"column":4},"end":{"line":196,"column":50}},"91":{"start":{"line":197,"column":4},"end":{"line":197,"column":72}},"92":{"start":{"line":202,"column":0},"end":{"line":227,"column":3}},"93":{"start":{"line":203,"column":39},"end":{"line":203,"column":47}},"94":{"start":{"line":204,"column":17},"end":{"line":204,"column":29}},"95":{"start":{"line":206,"column":2},"end":{"line":208,"column":3}},"96":{"start":{"line":207,"column":4},"end":{"line":207,"column":72}},"97":{"start":{"line":210,"column":2},"end":{"line":226,"column":3}},"98":{"start":{"line":211,"column":19},"end":{"line":211,"column":102}},"99":{"start":{"line":212,"column":4},"end":{"line":214,"column":5}},"100":{"start":{"line":213,"column":6},"end":{"line":213,"column":61}},"101":{"start":{"line":216,"column":21},"end":{"line":219,"column":null}},"102":{"start":{"line":222,"column":4},"end":{"line":222,"column":28}},"103":{"start":{"line":224,"column":4},"end":{"line":224,"column":41}},"104":{"start":{"line":225,"column":4},"end":{"line":225,"column":70}},"105":{"start":{"line":229,"column":0},"end":{"line":261,"column":3}},"106":{"start":{"line":230,"column":19},"end":{"line":230,"column":29}},"107":{"start":{"line":232,"column":2},"end":{"line":260,"column":3}},"108":{"start":{"line":233,"column":19},"end":{"line":233,"column":97}},"109":{"start":{"line":235,"column":4},"end":{"line":257,"column":5}},"110":{"start":{"line":236,"column":35},"end":{"line":236,"column":49}},"111":{"start":{"line":239,"column":6},"end":{"line":239,"column":33}},"112":{"start":{"line":243,"column":17},"end":{"line":243,"column":81}},"113":{"start":{"line":244,"column":24},"end":{"line":244,"column":55}},"114":{"start":{"line":245,"column":22},"end":{"line":245,"column":50}},"115":{"start":{"line":248,"column":21},"end":{"line":248,"column":81}},"116":{"start":{"line":250,"column":6},"end":{"line":253,"column":59}},"117":{"start":{"line":253,"column":21},"end":{"line":253,"column":57}},"118":{"start":{"line":256,"column":6},"end":{"line":256,"column":44}},"119":{"start":{"line":259,"column":4},"end":{"line":259,"column":41}},"120":{"start":{"line":263,"column":23},"end":{"line":266,"column":2}},"121":{"start":{"line":268,"column":0},"end":{"line":290,"column":3}},"122":{"start":{"line":269,"column":23},"end":{"line":269,"column":31}},"123":{"start":{"line":270,"column":19},"end":{"line":270,"column":31}},"124":{"start":{"line":272,"column":4},"end":{"line":272,"column":74}},"125":{"start":{"line":272,"column":17},"end":{"line":272,"column":74}},"126":{"start":{"line":274,"column":4},"end":{"line":289,"column":5}},"127":{"start":{"line":275,"column":23},"end":{"line":275,"column":106}},"128":{"start":{"line":276,"column":8},"end":{"line":278,"column":9}},"129":{"start":{"line":277,"column":12},"end":{"line":277,"column":92}},"130":{"start":{"line":280,"column":25},"end":{"line":282,"column":10}},"131":{"start":{"line":284,"column":8},"end":{"line":284,"column":32}},"132":{"start":{"line":287,"column":8},"end":{"line":287,"column":48}},"133":{"start":{"line":288,"column":8},"end":{"line":288,"column":71}},"134":{"start":{"line":293,"column":0},"end":{"line":297,"column":3}},"135":{"start":{"line":294,"column":2},"end":{"line":296,"column":5}},"136":{"start":{"line":295,"column":4},"end":{"line":295,"column":50}}},"fnMap":{"0":{"name":"(anonymous_1)","decl":{"start":{"line":44,"column":26},"end":{"line":44,"column":27}},"loc":{"start":{"line":44,"column":82},"end":{"line":55,"column":1}}},"1":{"name":"(anonymous_2)","decl":{"start":{"line":50,"column":32},"end":{"line":50,"column":33}},"loc":{"start":{"line":50,"column":56},"end":{"line":54,"column":3}}},"2":{"name":"(anonymous_3)","decl":{"start":{"line":59,"column":29},"end":{"line":59,"column":34}},"loc":{"start":{"line":59,"column":48},"end":{"line":73,"column":1}}},"3":{"name":"(anonymous_4)","decl":{"start":{"line":83,"column":41},"end":{"line":83,"column":46}},"loc":{"start":{"line":83,"column":60},"end":{"line":105,"column":1}}},"4":{"name":"(anonymous_5)","decl":{"start":{"line":107,"column":44},"end":{"line":107,"column":49}},"loc":{"start":{"line":107,"column":76},"end":{"line":133,"column":1}}},"5":{"name":"(anonymous_6)","decl":{"start":{"line":135,"column":40},"end":{"line":135,"column":45}},"loc":{"start":{"line":135,"column":72},"end":{"line":146,"column":1}}},"6":{"name":"(anonymous_7)","decl":{"start":{"line":149,"column":53},"end":{"line":149,"column":58}},"loc":{"start":{"line":149,"column":85},"end":{"line":171,"column":1}}},"7":{"name":"(anonymous_8)","decl":{"start":{"line":174,"column":53},"end":{"line":174,"column":58}},"loc":{"start":{"line":174,"column":85},"end":{"line":199,"column":1}}},"8":{"name":"(anonymous_9)","decl":{"start":{"line":202,"column":44},"end":{"line":202,"column":49}},"loc":{"start":{"line":202,"column":76},"end":{"line":227,"column":1}}},"9":{"name":"(anonymous_10)","decl":{"start":{"line":229,"column":18},"end":{"line":229,"column":23}},"loc":{"start":{"line":229,"column":37},"end":{"line":261,"column":1}}},"10":{"name":"(anonymous_11)","decl":{"start":{"line":253,"column":14},"end":{"line":253,"column":17}},"loc":{"start":{"line":253,"column":21},"end":{"line":253,"column":57}}},"11":{"name":"(anonymous_12)","decl":{"start":{"line":268,"column":60},"end":{"line":268,"column":65}},"loc":{"start":{"line":268,"column":92},"end":{"line":290,"column":1}}},"12":{"name":"(anonymous_13)","decl":{"start":{"line":293,"column":14},"end":{"line":293,"column":17}},"loc":{"start":{"line":293,"column":19},"end":{"line":297,"column":1}}},"13":{"name":"(anonymous_14)","decl":{"start":{"line":294,"column":19},"end":{"line":294,"column":22}},"loc":{"start":{"line":294,"column":24},"end":{"line":296,"column":3}}}},"branchMap":{"0":{"loc":{"start":{"line":12,"column":13},"end":{"line":12,"column":37}},"type":"binary-expr","locations":[{"start":{"line":12,"column":13},"end":{"line":12,"column":29}},{"start":{"line":12,"column":33},"end":{"line":12,"column":37}}]},"1":{"loc":{"start":{"line":14,"column":0},"end":{"line":16,"column":1}},"type":"if","locations":[{"start":{"line":14,"column":0},"end":{"line":16,"column":1}},{"start":{},"end":{}}]},"2":{"loc":{"start":{"line":14,"column":4},"end":{"line":14,"column":41}},"type":"binary-expr","locations":[{"start":{"line":14,"column":4},"end":{"line":14,"column":15}},{"start":{"line":14,"column":19},"end":{"line":14,"column":41}}]},"3":{"loc":{"start":{"line":17,"column":23},"end":{"line":17,"column":76}},"type":"binary-expr","locations":[{"start":{"line":17,"column":23},"end":{"line":17,"column":49}},{"start":{"line":17,"column":53},"end":{"line":17,"column":76}}]},"4":{"loc":{"start":{"line":21,"column":10},"end":{"line":21,"column":61}},"type":"binary-expr","locations":[{"start":{"line":21,"column":10},"end":{"line":21,"column":34}},{"start":{"line":21,"column":38},"end":{"line":21,"column":61}}]},"5":{"loc":{"start":{"line":46,"column":16},"end":{"line":46,"column":54}},"type":"binary-expr","locations":[{"start":{"line":46,"column":16},"end":{"line":46,"column":26}},{"start":{"line":46,"column":30},"end":{"line":46,"column":54}}]},"6":{"loc":{"start":{"line":48,"column":2},"end":{"line":48,"column":41}},"type":"if","locations":[{"start":{"line":48,"column":2},"end":{"line":48,"column":41}},{"start":{},"end":{}}]},"7":{"loc":{"start":{"line":51,"column":4},"end":{"line":51,"column":40}},"type":"if","locations":[{"start":{"line":51,"column":4},"end":{"line":51,"column":40}},{"start":{},"end":{}}]},"8":{"loc":{"start":{"line":61,"column":2},"end":{"line":61,"column":84}},"type":"if","locations":[{"start":{"line":61,"column":2},"end":{"line":61,"column":84}},{"start":{},"end":{}}]},"9":{"loc":{"start":{"line":61,"column":6},"end":{"line":61,"column":25}},"type":"binary-expr","locations":[{"start":{"line":61,"column":6},"end":{"line":61,"column":12}},{"start":{"line":61,"column":16},"end":{"line":61,"column":25}}]},"10":{"loc":{"start":{"line":87,"column":4},"end":{"line":89,"column":5}},"type":"if","locations":[{"start":{"line":87,"column":4},"end":{"line":89,"column":5}},{"start":{},"end":{}}]},"11":{"loc":{"start":{"line":87,"column":8},"end":{"line":87,"column":99}},"type":"binary-expr","locations":[{"start":{"line":87,"column":8},"end":{"line":87,"column":32}},{"start":{"line":87,"column":36},"end":{"line":87,"column":99}}]},"12":{"loc":{"start":{"line":92,"column":4},"end":{"line":101,"column":5}},"type":"if","locations":[{"start":{"line":92,"column":4},"end":{"line":101,"column":5}},{"start":{"line":99,"column":11},"end":{"line":101,"column":5}}]},"13":{"loc":{"start":{"line":112,"column":2},"end":{"line":114,"column":3}},"type":"if","locations":[{"start":{"line":112,"column":2},"end":{"line":114,"column":3}},{"start":{},"end":{}}]},"14":{"loc":{"start":{"line":112,"column":6},"end":{"line":112,"column":40}},"type":"binary-expr","locations":[{"start":{"line":112,"column":6},"end":{"line":112,"column":9}},{"start":{"line":112,"column":13},"end":{"line":112,"column":40}}]},"15":{"loc":{"start":{"line":117,"column":2},"end":{"line":119,"column":3}},"type":"if","locations":[{"start":{"line":117,"column":2},"end":{"line":119,"column":3}},{"start":{},"end":{}}]},"16":{"loc":{"start":{"line":117,"column":6},"end":{"line":117,"column":37}},"type":"binary-expr","locations":[{"start":{"line":117,"column":6},"end":{"line":117,"column":10}},{"start":{"line":117,"column":14},"end":{"line":117,"column":37}}]},"17":{"loc":{"start":{"line":156,"column":4},"end":{"line":158,"column":5}},"type":"if","locations":[{"start":{"line":156,"column":4},"end":{"line":158,"column":5}},{"start":{},"end":{}}]},"18":{"loc":{"start":{"line":178,"column":2},"end":{"line":180,"column":3}},"type":"if","locations":[{"start":{"line":178,"column":2},"end":{"line":180,"column":3}},{"start":{},"end":{}}]},"19":{"loc":{"start":{"line":178,"column":6},"end":{"line":178,"column":28}},"type":"binary-expr","locations":[{"start":{"line":178,"column":6},"end":{"line":178,"column":13}},{"start":{"line":178,"column":17},"end":{"line":178,"column":28}}]},"20":{"loc":{"start":{"line":184,"column":4},"end":{"line":186,"column":5}},"type":"if","locations":[{"start":{"line":184,"column":4},"end":{"line":186,"column":5}},{"start":{},"end":{}}]},"21":{"loc":{"start":{"line":206,"column":2},"end":{"line":208,"column":3}},"type":"if","locations":[{"start":{"line":206,"column":2},"end":{"line":208,"column":3}},{"start":{},"end":{}}]},"22":{"loc":{"start":{"line":206,"column":6},"end":{"line":206,"column":25}},"type":"binary-expr","locations":[{"start":{"line":206,"column":6},"end":{"line":206,"column":13}},{"start":{"line":206,"column":17},"end":{"line":206,"column":25}}]},"23":{"loc":{"start":{"line":212,"column":4},"end":{"line":214,"column":5}},"type":"if","locations":[{"start":{"line":212,"column":4},"end":{"line":214,"column":5}},{"start":{},"end":{}}]},"24":{"loc":{"start":{"line":218,"column":34},"end":{"line":218,"column":54}},"type":"binary-expr","locations":[{"start":{"line":218,"column":34},"end":{"line":218,"column":41}},{"start":{"line":218,"column":45},"end":{"line":218,"column":54}}]},"25":{"loc":{"start":{"line":235,"column":4},"end":{"line":257,"column":5}},"type":"if","locations":[{"start":{"line":235,"column":4},"end":{"line":257,"column":5}},{"start":{"line":255,"column":11},"end":{"line":257,"column":5}}]},"26":{"loc":{"start":{"line":243,"column":17},"end":{"line":243,"column":81}},"type":"binary-expr","locations":[{"start":{"line":243,"column":17},"end":{"line":243,"column":47}},{"start":{"line":243,"column":51},"end":{"line":243,"column":75}},{"start":{"line":243,"column":79},"end":{"line":243,"column":81}}]},"27":{"loc":{"start":{"line":244,"column":24},"end":{"line":244,"column":55}},"type":"binary-expr","locations":[{"start":{"line":244,"column":24},"end":{"line":244,"column":49}},{"start":{"line":244,"column":53},"end":{"line":244,"column":55}}]},"28":{"loc":{"start":{"line":245,"column":22},"end":{"line":245,"column":50}},"type":"binary-expr","locations":[{"start":{"line":245,"column":22},"end":{"line":245,"column":44}},{"start":{"line":245,"column":48},"end":{"line":245,"column":50}}]},"29":{"loc":{"start":{"line":272,"column":4},"end":{"line":272,"column":74}},"type":"if","locations":[{"start":{"line":272,"column":4},"end":{"line":272,"column":74}},{"start":{},"end":{}}]},"30":{"loc":{"start":{"line":276,"column":8},"end":{"line":278,"column":9}},"type":"if","locations":[{"start":{"line":276,"column":8},"end":{"line":278,"column":9}},{"start":{},"end":{}}]}},"s":{"0":0,"1":0,"2":0,"3":0,"4":0,"5":0,"6":0,"7":0,"8":0,"9":0,"10":0,"11":0,"12":0,"13":0,"14":0,"15":0,"16":0,"17":0,"18":0,"19":0,"20":0,"21":0,"22":0,"23":0,"24":0,"25":0,"26":0,"27":0,"28":0,"29":0,"30":0,"31":0,"32":0,"33":0,"34":0,"35":0,"36":0,"37":0,"38":0,"39":0,"40":0,"41":0,"42":0,"43":0,"44":0,"45":0,"46":0,"47":0,"48":0,"49":0,"50":0,"51":0,"52":0,"53":0,"54":0,"55":0,"56":0,"57":0,"58":0,"59":0,"60":0,"61":0,"62":0,"63":0,"64":0,"65":0,"66":0,"67":0,"68":0,"69":0,"70":0,"71":0,"72":0,"73":0,"74":0,"75":0,"76":0,"77":0,"78":0,"79":0,"80":0,"81":0,"82":0,"83":0,"84":0,"85":0,"86":0,"87":0,"88":0,"89":0,"90":0,"91":0,"92":0,"93":0,"94":0,"95":0,"96":0,"97":0,"98":0,"99":0,"100":0,"101":0,"102":0,"103":0,"104":0,"105":0,"106":0,"107":0,"108":0,"109":0,"110":0,"111":0,"112":0,"113":0,"114":0,"115":0,"116":0,"117":0,"118":0,"119":0,"120":0,"121":0,"122":0,"123":0,"124":0,"125":0,"126":0,"127":0,"128":0,"129":0,"130":0,"131":0,"132":0,"133":0,"134":0,"135":0,"136":0},"f":{"0":0,"1":0,"2":0,"3":0,"4":0,"5":0,"6":0,"7":0,"8":0,"9":0,"10":0,"11":0,"12":0,"13":0},"b":{"0":[0,0],"1":[0,0],"2":[0,0],"3":[0,0],"4":[0,0],"5":[0,0],"6":[0,0],"7":[0,0],"8":[0,0],"9":[0,0],"10":[0,0],"11":[0,0],"12":[0,0],"13":[0,0],"14":[0,0],"15":[0,0],"16":[0,0],"17":[0,0],"18":[0,0],"19":[0,0],"20":[0,0],"21":[0,0],"22":[0,0],"23":[0,0],"24":[0,0],"25":[0,0],"26":[0,0,0],"27":[0,0],"28":[0,0],"29":[0,0],"30":[0,0]}}
}
