TN:
SF:src/db.ts
FN:10,(anonymous_1)
FN:12,(anonymous_2)
FNF:2
FNH:0
FNDA:0,(anonymous_1)
FNDA:0,(anonymous_2)
DA:1,0
DA:2,0
DA:4,0
DA:6,0
DA:10,0
DA:12,0
DA:13,0
DA:14,0
DA:15,0
DA:17,0
DA:26,0
DA:36,0
DA:47,0
DA:49,0
DA:51,0
LF:15
LH:0
BRF:0
BRH:0
end_of_record
TN:
SF:src/index.ts
FN:44,(anonymous_1)
FN:50,(anonymous_2)
FN:59,(anonymous_3)
FN:83,(anonymous_4)
FN:107,(anonymous_5)
FN:135,(anonymous_6)
FN:149,(anonymous_7)
FN:174,(anonymous_8)
FN:202,(anonymous_9)
FN:229,(anonymous_10)
FN:253,(anonymous_11)
FN:268,(anonymous_12)
FN:293,(anonymous_13)
FN:294,(anonymous_14)
FNF:14
FNH:0
FNDA:0,(anonymous_1)
FNDA:0,(anonymous_2)
FNDA:0,(anonymous_3)
FNDA:0,(anonymous_4)
FNDA:0,(anonymous_5)
FNDA:0,(anonymous_6)
FNDA:0,(anonymous_7)
FNDA:0,(anonymous_8)
FNDA:0,(anonymous_9)
FNDA:0,(anonymous_10)
FNDA:0,(anonymous_11)
FNDA:0,(anonymous_12)
FNDA:0,(anonymous_13)
FNDA:0,(anonymous_14)
DA:1,0
DA:2,0
DA:3,0
DA:4,0
DA:5,0
DA:6,0
DA:7,0
DA:8,0
DA:9,0
DA:11,0
DA:12,0
DA:13,0
DA:14,0
DA:15,0
DA:17,0
DA:20,0
DA:26,0
DA:36,0
DA:44,0
DA:45,0
DA:46,0
DA:48,0
DA:50,0
DA:51,0
DA:52,0
DA:53,0
DA:59,0
DA:60,0
DA:61,0
DA:63,0
DA:64,0
DA:65,0
DA:69,0
DA:71,0
DA:76,0
DA:83,0
DA:84,0
DA:85,0
DA:86,0
DA:87,0
DA:88,0
DA:91,0
DA:92,0
DA:93,0
DA:98,0
DA:100,0
DA:103,0
DA:107,0
DA:108,0
DA:109,0
DA:112,0
DA:113,0
DA:117,0
DA:118,0
DA:122,0
DA:124,0
DA:125,0
DA:129,0
DA:131,0
DA:135,0
DA:136,0
DA:137,0
DA:138,0
DA:142,0
DA:144,0
DA:149,0
DA:150,0
DA:151,0
DA:153,0
DA:155,0
DA:156,0
DA:157,0
DA:161,0
DA:166,0
DA:168,0
DA:169,0
DA:174,0
DA:175,0
DA:176,0
DA:178,0
DA:179,0
DA:182,0
DA:183,0
DA:184,0
DA:185,0
DA:188,0
DA:194,0
DA:196,0
DA:197,0
DA:202,0
DA:203,0
DA:204,0
DA:206,0
DA:207,0
DA:210,0
DA:211,0
DA:212,0
DA:213,0
DA:216,0
DA:222,0
DA:224,0
DA:225,0
DA:229,0
DA:230,0
DA:232,0
DA:233,0
DA:235,0
DA:236,0
DA:239,0
DA:243,0
DA:244,0
DA:245,0
DA:248,0
DA:250,0
DA:253,0
DA:256,0
DA:259,0
DA:263,0
DA:268,0
DA:269,0
DA:270,0
DA:272,0
DA:274,0
DA:275,0
DA:276,0
DA:277,0
DA:280,0
DA:284,0
DA:287,0
DA:288,0
DA:293,0
DA:294,0
DA:295,0
LF:133
LH:0
BRDA:12,0,0,0
BRDA:12,0,1,0
BRDA:14,1,0,0
BRDA:14,1,1,0
BRDA:14,2,0,0
BRDA:14,2,1,0
BRDA:17,3,0,0
BRDA:17,3,1,0
BRDA:21,4,0,0
BRDA:21,4,1,0
BRDA:46,5,0,0
BRDA:46,5,1,0
BRDA:48,6,0,0
BRDA:48,6,1,0
BRDA:51,7,0,0
BRDA:51,7,1,0
BRDA:61,8,0,0
BRDA:61,8,1,0
BRDA:61,9,0,0
BRDA:61,9,1,0
BRDA:87,10,0,0
BRDA:87,10,1,0
BRDA:87,11,0,0
BRDA:87,11,1,0
BRDA:92,12,0,0
BRDA:92,12,1,0
BRDA:112,13,0,0
BRDA:112,13,1,0
BRDA:112,14,0,0
BRDA:112,14,1,0
BRDA:117,15,0,0
BRDA:117,15,1,0
BRDA:117,16,0,0
BRDA:117,16,1,0
BRDA:156,17,0,0
BRDA:156,17,1,0
BRDA:178,18,0,0
BRDA:178,18,1,0
BRDA:178,19,0,0
BRDA:178,19,1,0
BRDA:184,20,0,0
BRDA:184,20,1,0
BRDA:206,21,0,0
BRDA:206,21,1,0
BRDA:206,22,0,0
BRDA:206,22,1,0
BRDA:212,23,0,0
BRDA:212,23,1,0
BRDA:218,24,0,0
BRDA:218,24,1,0
BRDA:235,25,0,0
BRDA:235,25,1,0
BRDA:243,26,0,0
BRDA:243,26,1,0
BRDA:243,26,2,0
BRDA:244,27,0,0
BRDA:244,27,1,0
BRDA:245,28,0,0
BRDA:245,28,1,0
BRDA:272,29,0,0
BRDA:272,29,1,0
BRDA:276,30,0,0
BRDA:276,30,1,0
BRF:63
BRH:0
end_of_record
